# JRE version: OpenJDK Runtime Environment (8.0_152-b01) (build 1.8.0_152-release-1248-b01)
# Java VM: OpenJDK 64-Bit Server VM (25.152-b01 mixed mode windows-amd64 compressed oops)
Heap:
 PSYoungGen      total 387072K, used 111205K [0x00000000e0000000, 0x00000000f9780000, 0x0000000100000000)
  eden space 358912K, 29% used [0x00000000e0000000,0x00000000e68429f8,0x00000000f5e80000)
  from space 28160K, 15% used [0x00000000f7c00000,0x00000000f8056ae0,0x00000000f9780000)
  to   space 29184K, 0% used [0x00000000f5e80000,0x00000000f5e80000,0x00000000f7b00000)
 ParOldGen       total 173568K, used 60953K [0x00000000a0000000, 0x00000000aa980000, 0x00000000e0000000)
  object space 173568K, 35% used [0x00000000a0000000,0x00000000a3b86718,0x00000000aa980000)
 Metaspace       used 104633K, capacity 108607K, committed 108992K, reserved 1144832K
  class space    used 13104K, capacity 13918K, committed 14040K, reserved 1048576K
GC Heap History (10 events):
Event: 1794.443 GC heap before
{Heap before GC invocations=42 (full 4):
 PSYoungGen      total 291328K, used 263811K [0x00000000e0000000, 0x00000000f6e80000, 0x0000000100000000)
  eden space 258048K, 100% used [0x00000000e0000000,0x00000000efc00000,0x00000000efc00000)
  from space 33280K, 17% used [0x00000000efc00000,0x00000000f01a0e08,0x00000000f1c80000)
  to   space 32768K, 0% used [0x00000000f4e80000,0x00000000f4e80000,0x00000000f6e80000)
 ParOldGen       total 173568K, used 52442K [0x00000000a0000000, 0x00000000aa980000, 0x00000000e0000000)
  object space 173568K, 30% used [0x00000000a0000000,0x00000000a33368f8,0x00000000aa980000)
 Metaspace       used 104389K, capacity 108335K, committed 108736K, reserved 1144832K
  class space    used 13102K, capacity 13916K, committed 14040K, reserved 1048576K
Event: 1794.457 GC heap after
Heap after GC invocations=42 (full 4):
 PSYoungGen      total 338432K, used 7713K [0x00000000e0000000, 0x00000000f6b80000, 0x0000000100000000)
  eden space 308736K, 0% used [0x00000000e0000000,0x00000000e0000000,0x00000000f2d80000)
  from space 29696K, 25% used [0x00000000f4e80000,0x00000000f5608658,0x00000000f6b80000)
  to   space 31744K, 0% used [0x00000000f2d80000,0x00000000f2d80000,0x00000000f4c80000)
 ParOldGen       total 173568K, used 52482K [0x00000000a0000000, 0x00000000aa980000, 0x00000000e0000000)
  object space 173568K, 30% used [0x00000000a0000000,0x00000000a33408f8,0x00000000aa980000)
 Metaspace       used 104389K, capacity 108335K, committed 108736K, reserved 1144832K
  class space    used 13102K, capacity 13916K, committed 14040K, reserved 1048576K
}
Event: 1795.209 GC heap before
{Heap before GC invocations=43 (full 4):
 PSYoungGen      total 338432K, used 316449K [0x00000000e0000000, 0x00000000f6b80000, 0x0000000100000000)
  eden space 308736K, 100% used [0x00000000e0000000,0x00000000f2d80000,0x00000000f2d80000)
  from space 29696K, 25% used [0x00000000f4e80000,0x00000000f5608658,0x00000000f6b80000)
  to   space 31744K, 0% used [0x00000000f2d80000,0x00000000f2d80000,0x00000000f4c80000)
 ParOldGen       total 173568K, used 52482K [0x00000000a0000000, 0x00000000aa980000, 0x00000000e0000000)
  object space 173568K, 30% used [0x00000000a0000000,0x00000000a33408f8,0x00000000aa980000)
 Metaspace       used 104438K, capacity 108405K, committed 108736K, reserved 1144832K
  class space    used 13103K, capacity 13917K, committed 14040K, reserved 1048576K
Event: 1795.219 GC heap after
Heap after GC invocations=43 (full 4):
 PSYoungGen      total 340480K, used 5451K [0x00000000e0000000, 0x00000000f6b80000, 0x0000000100000000)
  eden space 308736K, 0% used [0x00000000e0000000,0x00000000e0000000,0x00000000f2d80000)
  from space 31744K, 17% used [0x00000000f2d80000,0x00000000f32d2df8,0x00000000f4c80000)
  to   space 29696K, 0% used [0x00000000f4e80000,0x00000000f4e80000,0x00000000f6b80000)
 ParOldGen       total 173568K, used 56445K [0x00000000a0000000, 0x00000000aa980000, 0x00000000e0000000)
  object space 173568K, 32% used [0x00000000a0000000,0x00000000a371f780,0x00000000aa980000)
 Metaspace       used 104438K, capacity 108405K, committed 108736K, reserved 1144832K
  class space    used 13103K, capacity 13917K, committed 14040K, reserved 1048576K
}
Event: 1795.976 GC heap before
{Heap before GC invocations=44 (full 4):
 PSYoungGen      total 340480K, used 314187K [0x00000000e0000000, 0x00000000f6b80000, 0x0000000100000000)
  eden space 308736K, 100% used [0x00000000e0000000,0x00000000f2d80000,0x00000000f2d80000)
  from space 31744K, 17% used [0x00000000f2d80000,0x00000000f32d2df8,0x00000000f4c80000)
  to   space 29696K, 0% used [0x00000000f4e80000,0x00000000f4e80000,0x00000000f6b80000)
 ParOldGen       total 173568K, used 56445K [0x00000000a0000000, 0x00000000aa980000, 0x00000000e0000000)
  object space 173568K, 32% used [0x00000000a0000000,0x00000000a371f780,0x00000000aa980000)
 Metaspace       used 104484K, capacity 108473K, committed 108736K, reserved 1144832K
  class space    used 13103K, capacity 13917K, committed 14040K, reserved 1048576K
Event: 1795.982 GC heap after
Heap after GC invocations=44 (full 4):
 PSYoungGen      total 338432K, used 1724K [0x00000000e0000000, 0x00000000f6b80000, 0x0000000100000000)
  eden space 308736K, 0% used [0x00000000e0000000,0x00000000e0000000,0x00000000f2d80000)
  from space 29696K, 5% used [0x00000000f4e80000,0x00000000f502f2c8,0x00000000f6b80000)
  to   space 31744K, 0% used [0x00000000f2d80000,0x00000000f2d80000,0x00000000f4c80000)
 ParOldGen       total 173568K, used 59958K [0x00000000a0000000, 0x00000000aa980000, 0x00000000e0000000)
  object space 173568K, 34% used [0x00000000a0000000,0x00000000a3a8da88,0x00000000aa980000)
 Metaspace       used 104484K, capacity 108473K, committed 108736K, reserved 1144832K
  class space    used 13103K, capacity 13917K, committed 14040K, reserved 1048576K
}
Event: 1796.884 GC heap before
{Heap before GC invocations=45 (full 4):
 PSYoungGen      total 338432K, used 310460K [0x00000000e0000000, 0x00000000f6b80000, 0x0000000100000000)
  eden space 308736K, 100% used [0x00000000e0000000,0x00000000f2d80000,0x00000000f2d80000)
  from space 29696K, 5% used [0x00000000f4e80000,0x00000000f502f2c8,0x00000000f6b80000)
  to   space 31744K, 0% used [0x00000000f2d80000,0x00000000f2d80000,0x00000000f4c80000)
 ParOldGen       total 173568K, used 59958K [0x00000000a0000000, 0x00000000aa980000, 0x00000000e0000000)
  object space 173568K, 34% used [0x00000000a0000000,0x00000000a3a8da88,0x00000000aa980000)
 Metaspace       used 104544K, capacity 108541K, committed 108736K, reserved 1144832K
  class space    used 13103K, capacity 13917K, committed 14040K, reserved 1048576K
Event: 1796.910 GC heap after
Heap after GC invocations=45 (full 4):
 PSYoungGen      total 340480K, used 2704K [0x00000000e0000000, 0x00000000f9980000, 0x0000000100000000)
  eden space 308736K, 0% used [0x00000000e0000000,0x00000000e0000000,0x00000000f2d80000)
  from space 31744K, 8% used [0x00000000f2d80000,0x00000000f30243c8,0x00000000f4c80000)
  to   space 30208K, 0% used [0x00000000f7c00000,0x00000000f7c00000,0x00000000f9980000)
 ParOldGen       total 173568K, used 60081K [0x00000000a0000000, 0x00000000aa980000, 0x00000000e0000000)
  object space 173568K, 34% used [0x00000000a0000000,0x00000000a3aac4e0,0x00000000aa980000)
 Metaspace       used 104544K, capacity 108541K, committed 108736K, reserved 1144832K
  class space    used 13103K, capacity 13917K, committed 14040K, reserved 1048576K
}
Event: 1797.761 GC heap before
{Heap before GC invocations=46 (full 4):
 PSYoungGen      total 340480K, used 311440K [0x00000000e0000000, 0x00000000f9980000, 0x0000000100000000)
  eden space 308736K, 100% used [0x00000000e0000000,0x00000000f2d80000,0x00000000f2d80000)
  from space 31744K, 8% used [0x00000000f2d80000,0x00000000f30243c8,0x00000000f4c80000)
  to   space 30208K, 0% used [0x00000000f7c00000,0x00000000f7c00000,0x00000000f9980000)
 ParOldGen       total 173568K, used 60081K [0x00000000a0000000, 0x00000000aa980000, 0x00000000e0000000)
  object space 173568K, 34% used [0x00000000a0000000,0x00000000a3aac4e0,0x00000000aa980000)
 Metaspace       used 104599K, capacity 108543K, committed 108992K, reserved 1144832K
  class space    used 13104K, capacity 13918K, committed 14040K, reserved 1048576K
Event: 1797.780 GC heap after
Heap after GC invocations=46 (full 4):
 PSYoungGen      total 387072K, used 4442K [0x00000000e0000000, 0x00000000f9780000, 0x0000000100000000)
  eden space 358912K, 0% used [0x00000000e0000000,0x00000000e0000000,0x00000000f5e80000)
  from space 28160K, 15% used [0x00000000f7c00000,0x00000000f8056ae0,0x00000000f9780000)
  to   space 29184K, 0% used [0x00000000f5e80000,0x00000000f5e80000,0x00000000f7b00000)
 ParOldGen       total 173568K, used 60953K [0x00000000a0000000, 0x00000000aa980000, 0x00000000e0000000)
  object space 173568K, 35% used [0x00000000a0000000,0x00000000a3b86718,0x00000000aa980000)
 Metaspace       used 104599K, capacity 108543K, committed 108992K, reserved 1144832K
  class space    used 13104K, capacity 13918K, committed 14040K, reserved 1048576K
}

